<?xml version="1.0" encoding="UTF-8"?>
<testsuite name="com.dybe.springboot.web.PostsApiControllerTest" tests="1" skipped="0" failures="0" errors="0" timestamp="2020-06-09T04:36:22" hostname="JAEHUN" time="2.084">
  <properties/>
  <testcase name="Posts_수정된다" classname="com.dybe.springboot.web.PostsApiControllerTest" time="2.084"/>
  <system-out><![CDATA[13:36:07.071 [Test worker] DEBUG org.springframework.test.context.junit4.SpringJUnit4ClassRunner - SpringJUnit4ClassRunner constructor called with [class com.dybe.springboot.web.PostsApiControllerTest]
13:36:07.094 [Test worker] DEBUG org.springframework.test.context.BootstrapUtils - Instantiating CacheAwareContextLoaderDelegate from class [org.springframework.test.context.cache.DefaultCacheAwareContextLoaderDelegate]
13:36:07.132 [Test worker] DEBUG org.springframework.test.context.BootstrapUtils - Instantiating BootstrapContext using constructor [public org.springframework.test.context.support.DefaultBootstrapContext(java.lang.Class,org.springframework.test.context.CacheAwareContextLoaderDelegate)]
13:36:07.179 [Test worker] DEBUG org.springframework.test.context.BootstrapUtils - Instantiating TestContextBootstrapper for test class [com.dybe.springboot.web.PostsApiControllerTest] from class [org.springframework.boot.test.context.SpringBootTestContextBootstrapper]
13:36:07.213 [Test worker] INFO org.springframework.boot.test.context.SpringBootTestContextBootstrapper - Neither @ContextConfiguration nor @ContextHierarchy found for test class [com.dybe.springboot.web.PostsApiControllerTest], using SpringBootContextLoader
13:36:07.222 [Test worker] DEBUG org.springframework.test.context.support.AbstractContextLoader - Did not detect default resource location for test class [com.dybe.springboot.web.PostsApiControllerTest]: class path resource [com/dybe/springboot/web/PostsApiControllerTest-context.xml] does not exist
13:36:07.223 [Test worker] DEBUG org.springframework.test.context.support.AbstractContextLoader - Did not detect default resource location for test class [com.dybe.springboot.web.PostsApiControllerTest]: class path resource [com/dybe/springboot/web/PostsApiControllerTestContext.groovy] does not exist
13:36:07.224 [Test worker] INFO org.springframework.test.context.support.AbstractContextLoader - Could not detect default resource locations for test class [com.dybe.springboot.web.PostsApiControllerTest]: no resource found for suffixes {-context.xml, Context.groovy}.
13:36:07.226 [Test worker] INFO org.springframework.test.context.support.AnnotationConfigContextLoaderUtils - Could not detect default configuration classes for test class [com.dybe.springboot.web.PostsApiControllerTest]: PostsApiControllerTest does not declare any static, non-private, non-final, nested classes annotated with @Configuration.
13:36:07.375 [Test worker] DEBUG org.springframework.test.context.support.ActiveProfilesUtils - Could not find an 'annotation declaring class' for annotation type [org.springframework.test.context.ActiveProfiles] and class [com.dybe.springboot.web.PostsApiControllerTest]
13:36:07.650 [Test worker] DEBUG org.springframework.context.annotation.ClassPathScanningCandidateComponentProvider - Identified candidate component class: file [C:\springboot\build\classes\java\main\com\dybe\springboot\Application.class]
13:36:07.653 [Test worker] INFO org.springframework.boot.test.context.SpringBootTestContextBootstrapper - Found @SpringBootConfiguration com.dybe.springboot.Application for test class com.dybe.springboot.web.PostsApiControllerTest
13:36:07.916 [Test worker] DEBUG org.springframework.boot.test.context.SpringBootTestContextBootstrapper - @TestExecutionListeners is not present for class [com.dybe.springboot.web.PostsApiControllerTest]: using defaults.
13:36:07.918 [Test worker] INFO org.springframework.boot.test.context.SpringBootTestContextBootstrapper - Loaded default TestExecutionListener class names from location [META-INF/spring.factories]: [org.springframework.boot.test.autoconfigure.restdocs.RestDocsTestExecutionListener, org.springframework.boot.test.autoconfigure.web.client.MockRestServiceServerResetTestExecutionListener, org.springframework.boot.test.autoconfigure.web.servlet.MockMvcPrintOnlyOnFailureTestExecutionListener, org.springframework.boot.test.autoconfigure.web.servlet.WebDriverTestExecutionListener, org.springframework.boot.test.mock.mockito.MockitoTestExecutionListener, org.springframework.boot.test.mock.mockito.ResetMocksTestExecutionListener, org.springframework.test.context.web.ServletTestExecutionListener, org.springframework.test.context.support.DirtiesContextBeforeModesTestExecutionListener, org.springframework.test.context.support.DependencyInjectionTestExecutionListener, org.springframework.test.context.support.DirtiesContextTestExecutionListener, org.springframework.test.context.transaction.TransactionalTestExecutionListener, org.springframework.test.context.jdbc.SqlScriptsTestExecutionListener]
13:36:07.967 [Test worker] INFO org.springframework.boot.test.context.SpringBootTestContextBootstrapper - Using TestExecutionListeners: [org.springframework.test.context.web.ServletTestExecutionListener@f50e7f9, org.springframework.test.context.support.DirtiesContextBeforeModesTestExecutionListener@2dcdbf6e, org.springframework.boot.test.mock.mockito.MockitoTestExecutionListener@68ce2685, org.springframework.boot.test.autoconfigure.SpringBootDependencyInjectionTestExecutionListener@2b8c4082, org.springframework.test.context.support.DirtiesContextTestExecutionListener@23eb1525, org.springframework.test.context.transaction.TransactionalTestExecutionListener@631df8f9, org.springframework.test.context.jdbc.SqlScriptsTestExecutionListener@7afe0011, org.springframework.boot.test.autoconfigure.restdocs.RestDocsTestExecutionListener@33bfd79c, org.springframework.boot.test.autoconfigure.web.client.MockRestServiceServerResetTestExecutionListener@4806bef3, org.springframework.boot.test.autoconfigure.web.servlet.MockMvcPrintOnlyOnFailureTestExecutionListener@44505d3a, org.springframework.boot.test.autoconfigure.web.servlet.WebDriverTestExecutionListener@4e243329, org.springframework.boot.test.mock.mockito.ResetMocksTestExecutionListener@36a0e46]
13:36:07.974 [Test worker] DEBUG org.springframework.test.annotation.ProfileValueUtils - Retrieved @ProfileValueSourceConfiguration [null] for test class [com.dybe.springboot.web.PostsApiControllerTest]
13:36:07.975 [Test worker] DEBUG org.springframework.test.annotation.ProfileValueUtils - Retrieved ProfileValueSource type [class org.springframework.test.annotation.SystemProfileValueSource] for class [com.dybe.springboot.web.PostsApiControllerTest]
13:36:07.985 [Test worker] DEBUG org.springframework.test.annotation.ProfileValueUtils - Retrieved @ProfileValueSourceConfiguration [null] for test class [com.dybe.springboot.web.PostsApiControllerTest]
13:36:07.985 [Test worker] DEBUG org.springframework.test.annotation.ProfileValueUtils - Retrieved ProfileValueSource type [class org.springframework.test.annotation.SystemProfileValueSource] for class [com.dybe.springboot.web.PostsApiControllerTest]
13:36:07.987 [Test worker] DEBUG org.springframework.test.annotation.ProfileValueUtils - Retrieved @ProfileValueSourceConfiguration [null] for test class [com.dybe.springboot.web.PostsApiControllerTest]
13:36:07.988 [Test worker] DEBUG org.springframework.test.annotation.ProfileValueUtils - Retrieved ProfileValueSource type [class org.springframework.test.annotation.SystemProfileValueSource] for class [com.dybe.springboot.web.PostsApiControllerTest]
13:36:08.004 [Test worker] DEBUG org.springframework.test.context.support.AbstractDirtiesContextTestExecutionListener - Before test class: context [DefaultTestContext@25f58f32 testClass = PostsApiControllerTest, testInstance = [null], testMethod = [null], testException = [null], mergedContextConfiguration = [WebMergedContextConfiguration@770c1242 testClass = PostsApiControllerTest, locations = '{}', classes = '{class com.dybe.springboot.Application}', contextInitializerClasses = '[]', activeProfiles = '{}', propertySourceLocations = '{}', propertySourceProperties = '{org.springframework.boot.test.context.SpringBootTestContextBootstrapper=true, server.port=0}', contextCustomizers = set[org.springframework.boot.test.autoconfigure.properties.PropertyMappingContextCustomizer@0, org.springframework.boot.test.autoconfigure.web.servlet.WebDriverContextCustomizerFactory$Customizer@23d65920, org.springframework.boot.test.context.filter.ExcludeFilterContextCustomizer@5a2e63ad, org.springframework.boot.test.json.DuplicateJsonObjectContextCustomizerFactory$DuplicateJsonObjectContextCustomizer@1da4f586, org.springframework.boot.test.mock.mockito.MockitoContextCustomizer@0, org.springframework.boot.test.web.client.TestRestTemplateContextCustomizer@53377e3f], resourceBasePath = 'src/main/webapp', contextLoader = 'org.springframework.boot.test.context.SpringBootContextLoader', parent = [null]], attributes = map['org.springframework.test.context.web.ServletTestExecutionListener.activateListener' -> false]], class annotated with @DirtiesContext [false] with mode [null].
13:36:08.006 [Test worker] DEBUG org.springframework.test.annotation.ProfileValueUtils - Retrieved @ProfileValueSourceConfiguration [null] for test class [com.dybe.springboot.web.PostsApiControllerTest]
13:36:08.006 [Test worker] DEBUG org.springframework.test.annotation.ProfileValueUtils - Retrieved ProfileValueSource type [class org.springframework.test.annotation.SystemProfileValueSource] for class [com.dybe.springboot.web.PostsApiControllerTest]
13:36:08.018 [Test worker] DEBUG org.springframework.test.context.support.DependencyInjectionTestExecutionListener - Performing dependency injection for test context [[DefaultTestContext@25f58f32 testClass = PostsApiControllerTest, testInstance = com.dybe.springboot.web.PostsApiControllerTest@252bca4f, testMethod = [null], testException = [null], mergedContextConfiguration = [WebMergedContextConfiguration@770c1242 testClass = PostsApiControllerTest, locations = '{}', classes = '{class com.dybe.springboot.Application}', contextInitializerClasses = '[]', activeProfiles = '{}', propertySourceLocations = '{}', propertySourceProperties = '{org.springframework.boot.test.context.SpringBootTestContextBootstrapper=true, server.port=0}', contextCustomizers = set[org.springframework.boot.test.autoconfigure.properties.PropertyMappingContextCustomizer@0, org.springframework.boot.test.autoconfigure.web.servlet.WebDriverContextCustomizerFactory$Customizer@23d65920, org.springframework.boot.test.context.filter.ExcludeFilterContextCustomizer@5a2e63ad, org.springframework.boot.test.json.DuplicateJsonObjectContextCustomizerFactory$DuplicateJsonObjectContextCustomizer@1da4f586, org.springframework.boot.test.mock.mockito.MockitoContextCustomizer@0, org.springframework.boot.test.web.client.TestRestTemplateContextCustomizer@53377e3f], resourceBasePath = 'src/main/webapp', contextLoader = 'org.springframework.boot.test.context.SpringBootContextLoader', parent = [null]], attributes = map['org.springframework.test.context.web.ServletTestExecutionListener.activateListener' -> false]]].
13:36:08.071 [Test worker] DEBUG org.springframework.test.context.support.TestPropertySourceUtils - Adding inlined properties to environment: {spring.jmx.enabled=false, org.springframework.boot.test.context.SpringBootTestContextBootstrapper=true, server.port=0}

  .   ____          _            __ _ _
 /\\ / ___'_ __ _ _(_)_ __  __ _ \ \ \ \
( ( )\___ | '_ | '_| | '_ \/ _` | \ \ \ \
 \\/  ___)| |_)| | | | | || (_| |  ) ) ) )
  '  |____| .__|_| |_|_| |_\__, | / / / /
 =========|_|==============|___/=/_/_/_/
 :: Spring Boot ::        (v2.1.7.RELEASE)

2020-06-09 13:36:08.889  INFO 29552 --- [    Test worker] c.d.s.web.PostsApiControllerTest         : Starting PostsApiControllerTest on JAEHUN with PID 29552 (started by dybe1 in C:\springboot)
2020-06-09 13:36:08.892  INFO 29552 --- [    Test worker] c.d.s.web.PostsApiControllerTest         : No active profile set, falling back to default profiles: default
2020-06-09 13:36:11.353  INFO 29552 --- [    Test worker] .s.d.r.c.RepositoryConfigurationDelegate : Bootstrapping Spring Data repositories in DEFAULT mode.
2020-06-09 13:36:11.545  INFO 29552 --- [    Test worker] .s.d.r.c.RepositoryConfigurationDelegate : Finished Spring Data repository scanning in 166ms. Found 1 repository interfaces.
2020-06-09 13:36:12.491  INFO 29552 --- [    Test worker] trationDelegate$BeanPostProcessorChecker : Bean 'org.springframework.transaction.annotation.ProxyTransactionManagementConfiguration' of type [org.springframework.transaction.annotation.ProxyTransactionManagementConfiguration$$EnhancerBySpringCGLIB$$f5b17030] is not eligible for getting processed by all BeanPostProcessors (for example: not eligible for auto-proxying)
2020-06-09 13:36:13.724  INFO 29552 --- [    Test worker] o.s.b.w.embedded.tomcat.TomcatWebServer  : Tomcat initialized with port(s): 0 (http)
2020-06-09 13:36:13.792  INFO 29552 --- [    Test worker] o.apache.catalina.core.StandardService   : Starting service [Tomcat]
2020-06-09 13:36:13.795  INFO 29552 --- [    Test worker] org.apache.catalina.core.StandardEngine  : Starting Servlet engine: [Apache Tomcat/9.0.22]
2020-06-09 13:36:14.243  INFO 29552 --- [    Test worker] o.a.c.c.C.[Tomcat].[localhost].[/]       : Initializing Spring embedded WebApplicationContext
2020-06-09 13:36:14.249  INFO 29552 --- [    Test worker] o.s.web.context.ContextLoader            : Root WebApplicationContext: initialization completed in 5278 ms
2020-06-09 13:36:14.969  INFO 29552 --- [    Test worker] com.zaxxer.hikari.HikariDataSource       : HikariPool-1 - Starting...
2020-06-09 13:36:15.435  INFO 29552 --- [    Test worker] com.zaxxer.hikari.HikariDataSource       : HikariPool-1 - Start completed.
2020-06-09 13:36:15.729  INFO 29552 --- [    Test worker] o.hibernate.jpa.internal.util.LogHelper  : HHH000204: Processing PersistenceUnitInfo [
	name: default
	...]
2020-06-09 13:36:16.022  INFO 29552 --- [    Test worker] org.hibernate.Version                    : HHH000412: Hibernate Core {5.3.10.Final}
2020-06-09 13:36:16.030  INFO 29552 --- [    Test worker] org.hibernate.cfg.Environment            : HHH000206: hibernate.properties not found
2020-06-09 13:36:16.689  INFO 29552 --- [    Test worker] o.hibernate.annotations.common.Version   : HCANN000001: Hibernate Commons Annotations {5.0.4.Final}
2020-06-09 13:36:17.243  INFO 29552 --- [    Test worker] org.hibernate.dialect.Dialect            : HHH000400: Using dialect: org.hibernate.dialect.MySQL5InnoDBDialect
Hibernate: drop table if exists posts
Hibernate: create table posts (id bigint not null auto_increment, author varchar(255), content TEXT not null, title varchar(500) not null, primary key (id)) engine=InnoDB
2020-06-09 13:36:18.975  INFO 29552 --- [    Test worker] o.h.t.schema.internal.SchemaCreatorImpl  : HHH000476: Executing import script 'org.hibernate.tool.schema.internal.exec.ScriptSourceInputNonExistentImpl@59cc39'
2020-06-09 13:36:18.985  INFO 29552 --- [    Test worker] j.LocalContainerEntityManagerFactoryBean : Initialized JPA EntityManagerFactory for persistence unit 'default'
2020-06-09 13:36:21.520  INFO 29552 --- [    Test worker] o.s.s.concurrent.ThreadPoolTaskExecutor  : Initializing ExecutorService 'applicationTaskExecutor'
2020-06-09 13:36:21.716  WARN 29552 --- [    Test worker] aWebConfiguration$JpaWebMvcConfiguration : spring.jpa.open-in-view is enabled by default. Therefore, database queries may be performed during view rendering. Explicitly configure spring.jpa.open-in-view to disable this warning
2020-06-09 13:36:22.901  INFO 29552 --- [    Test worker] o.s.b.w.embedded.tomcat.TomcatWebServer  : Tomcat started on port(s): 59007 (http) with context path ''
2020-06-09 13:36:22.908  INFO 29552 --- [    Test worker] c.d.s.web.PostsApiControllerTest         : Started PostsApiControllerTest in 14.832 seconds (JVM running for 18.276)
Hibernate: insert into posts (author, content, title) values (?, ?, ?)
2020-06-09 13:36:23.837  INFO 29552 --- [o-auto-1-exec-1] o.a.c.c.C.[Tomcat].[localhost].[/]       : Initializing Spring DispatcherServlet 'dispatcherServlet'
2020-06-09 13:36:23.838  INFO 29552 --- [o-auto-1-exec-1] o.s.web.servlet.DispatcherServlet        : Initializing Servlet 'dispatcherServlet'
2020-06-09 13:36:23.912  INFO 29552 --- [o-auto-1-exec-1] o.s.web.servlet.DispatcherServlet        : Completed initialization in 74 ms
Hibernate: select posts0_.id as id1_0_0_, posts0_.author as author2_0_0_, posts0_.content as content3_0_0_, posts0_.title as title4_0_0_ from posts posts0_ where posts0_.id=?
Hibernate: update posts set author=?, content=?, title=? where id=?
2020-06-09 13:36:24.682  INFO 29552 --- [    Test worker] o.h.h.i.QueryTranslatorFactoryInitiator  : HHH000397: Using ASTQueryTranslatorFactory
Hibernate: select posts0_.id as id1_0_, posts0_.author as author2_0_, posts0_.content as content3_0_, posts0_.title as title4_0_ from posts posts0_
Hibernate: select posts0_.id as id1_0_, posts0_.author as author2_0_, posts0_.content as content3_0_, posts0_.title as title4_0_ from posts posts0_
Hibernate: delete from posts where id=?
]]></system-out>
  <system-err><![CDATA[]]></system-err>
</testsuite>
